2024-08-26 20:18:49,071 - [ERROR] Fail in submit_question. Fail when solving question: Request timed out.
2024-08-26 20:19:50,632 - [ERROR] Fail in submit_question. Fail when solving question: Connection error.
2024-08-26 21:18:16,524 - [ERROR] Fail in submit_question. Fail when solving question: list index out of range
2024-08-26 21:44:31,861 - [ERROR] Fail in submit_question. Fail when solving question: list index out of range.
2024-08-27 09:24:19,721 - [ERROR] Fail in submit_question. Fail when solving question: list index out of range.
2024-08-27 11:58:02,856 - [ERROR] Fail in submit_question. Fail when solving question: [Errno 2] No such file or directory: 'D:\\Download\\data.csv'.
2024-08-27 12:24:01,573 - [ERROR] Fail in submit_question. Fail when solving question: Request timed out..
2024-08-27 12:25:42,563 - [ERROR] Fail in submit_question. Fail when solving question: Request timed out..
2024-08-28 09:37:11,612 - [ERROR] Fail in submit_question. Fail when solving question: Connection error..
2024-08-28 09:40:17,974 - [ERROR] Fail in submit_question. Fail when solving question: Connection error..
2024-08-28 09:41:43,536 - [ERROR] Fail in submit_question. Fail when solving question: Connection error..
2024-08-28 09:44:26,613 - [ERROR] Fail in submit_question. Fail when solving question: Connection error..
2024-08-28 09:47:27,616 - [ERROR] Fail in submit_question. Fail when solving question: Connection error..
2024-08-28 09:47:56,357 - [ERROR] Fail in submit_question. Fail when solving question: Connection error..
2024-08-28 09:48:27,864 - [ERROR] Fail in submit_question. Fail when solving question: Connection error..
2024-08-28 09:50:10,837 - [ERROR] Fail in submit_question. Fail when solving question: Connection error..
2024-08-28 09:51:46,070 - [ERROR] Fail in submit_question. Fail when solving question: Connection error..
2024-08-28 09:52:23,556 - [ERROR] Fail in submit_question. Fail when solving question: Request timed out..
2024-08-28 09:53:10,019 - [ERROR] Fail in submit_question. Fail when solving question: Connection error..
2024-08-28 09:53:44,425 - [ERROR] Fail in submit_question. Fail when solving question: Connection error..
2024-08-28 09:54:24,059 - [ERROR] Fail in submit_question. Fail when solving question: Connection error..
2024-08-28 09:57:19,747 - [ERROR] Fail in submit_question. Fail when solving question: Connection error..
2024-08-28 10:02:42,662 - [ERROR] Fail in submit_question. Fail when solving question: Connection error..
2024-08-28 13:27:26,449 - [ERROR] Fail in submit_question. Fail when solving question: Request timed out..
2024-08-28 13:29:42,412 - [ERROR] Fail in submit_question. Fail when solving question: list index out of range.
2024-08-28 13:37:46,863 - [ERROR] Fail in submit_question. Fail when solving question: list index out of range.
2024-08-28 13:40:50,033 - [ERROR] Fail in submit_question. Fail when solving question: Request timed out..
2024-08-28 13:41:49,664 - [ERROR] Fail in submit_question. Fail when solving question: Connection error..
2024-08-28 13:44:00,633 - [ERROR] Fail in submit_question. Fail when solving question: list index out of range.
2024-08-28 14:58:03,254 - [ERROR] Fail in submit_question. Fail when solving question: list index out of range.
2024-08-28 16:09:28,835 - [WARNING] No json file generated.
2024-08-28 22:25:14,864 - [WARNING] No json file generated.
2024-08-29 00:41:58,001 - [WARNING] No json file generated.
2024-08-29 00:56:17,608 - [ERROR] Fail in submit_checking. object of type 'NoneType' has no len()
2024-08-29 09:14:36,900 - [WARNING] Fail when decode json, auto_initialized.
2024-08-29 09:14:56,363 - [WARNING] No json file generated.
2024-08-29 09:15:16,198 - [WARNING] No json file generated.
2024-08-29 09:15:35,901 - [WARNING] No json file generated.
2024-08-29 09:15:54,965 - [WARNING] No json file generated.
2024-08-29 09:16:14,276 - [WARNING] No json file generated.
2024-08-29 09:16:33,954 - [WARNING] No json file generated.
2024-08-29 09:16:53,381 - [WARNING] No json file generated.
2024-08-29 09:17:12,986 - [WARNING] No json file generated.
2024-08-29 09:17:31,201 - [WARNING] No json file generated.
2024-08-29 09:17:50,666 - [WARNING] No json file generated.
2024-08-29 09:20:30,988 - [WARNING] Fail when decode json, auto_initialized.
2024-08-29 09:22:08,512 - [WARNING] Fail when decode json, auto_initialized.
2024-08-29 09:23:42,485 - [WARNING] Fail when decode json, auto_initialized.
2024-08-29 09:24:30,747 - [WARNING] Fail when decode json, auto_initialized.
2024-08-29 09:25:31,499 - [WARNING] Fail when decode json, auto_initialized.
2024-08-29 09:26:58,744 - [WARNING] Fail when decode json, auto_initialized.
2024-08-29 09:28:41,186 - [WARNING] Fail when decode json, auto_initialized.
2024-08-29 09:30:24,657 - [WARNING] Fail when decode json, auto_initialized.
2024-08-29 09:35:58,525 - [WARNING] Fail when decode json, auto_initialized.
2024-08-29 09:39:48,666 - [WARNING] Fail when decode json, auto_initialized.
2024-08-29 09:47:42,491 - [WARNING] Fail when decode json, auto_initialized.
2024-08-29 09:54:09,492 - [WARNING] Fail when decode json, auto_initialized.
2024-08-29 09:58:30,633 - [WARNING] Fail when decode json, auto_initialized.
2024-08-29 10:04:06,359 - [WARNING] Fail when decode json, auto_initialized.
2024-08-29 14:31:52,901 - [WARNING] No json file generated.
2024-08-29 14:31:54,524 - [WARNING] No json file generated.
2024-08-29 14:31:56,156 - [ERROR] Fail in submit_question. Fail when solving question: [Errno 2] No such file or directory: 'D:\\Download\\data.csv'
2024-08-29 14:36:23,251 - [WARNING] No json file generated.
2024-08-29 14:36:24,701 - [WARNING] No json file generated.
2024-08-29 14:36:26,244 - [ERROR] Fail in submit_question. Fail when solving question: [Errno 2] No such file or directory: 'D:\\Download\\data.csv'
2024-08-29 14:37:51,130 - [WARNING] No json file generated.
2024-08-29 14:37:52,665 - [WARNING] No json file generated.
2024-08-29 14:37:54,213 - [ERROR] Fail in submit_question. Fail when solving question: [Errno 2] No such file or directory: '111'
2024-08-29 14:40:57,830 - [WARNING] No json file generated.
2024-08-29 14:40:58,400 - [WARNING] No json file generated.
2024-08-29 14:40:58,989 - [ERROR] Fail in submit_question. Fail when solving question: [Errno 2] No such file or directory: '111'
2024-08-29 14:42:14,079 - [WARNING] No json file generated.
2024-08-29 14:42:15,546 - [WARNING] No json file generated.
2024-08-29 14:42:17,027 - [ERROR] Fail in submit_question. Fail when solving question: [Errno 2] No such file or directory: '111'
2024-08-29 14:42:34,501 - [WARNING] No json file generated.
2024-08-29 14:42:35,955 - [WARNING] No json file generated.
2024-08-29 14:42:37,450 - [ERROR] Fail in submit_question. Fail when solving question: [Errno 2] No such file or directory: '111'
2024-08-29 14:46:26,735 - [WARNING] No json file generated.
2024-08-29 14:46:27,285 - [WARNING] No json file generated.
2024-08-29 14:46:27,856 - [ERROR] Fail in submit_question. Fail when solving question: [Errno 2] No such file or directory: ''
2024-08-29 14:47:22,001 - [WARNING] No json file generated.
2024-08-29 14:47:23,504 - [WARNING] No json file generated.
2024-08-29 14:47:24,996 - [ERROR] Fail in submit_question. Fail when solving question: [Errno 2] No such file or directory: ''
2024-08-29 14:50:33,035 - [WARNING] No json file generated.
2024-08-29 14:50:34,510 - [WARNING] No json file generated.
2024-08-29 14:50:36,013 - [ERROR] Fail in submit_question. Fail when solving question: [Errno 2] No such file or directory: ''
2024-08-29 14:52:25,239 - [WARNING] No json file generated.
2024-08-29 14:52:26,661 - [WARNING] No json file generated.
2024-08-29 14:52:28,222 - [ERROR] Fail in submit_question. Fail when solving question: [Errno 2] No such file or directory: ''
2024-08-29 14:53:43,952 - [WARNING] No json file generated.
2024-08-29 14:53:45,585 - [WARNING] No json file generated.
2024-08-29 14:53:47,105 - [ERROR] Fail in submit_question. Fail when solving question: [Errno 2] No such file or directory: ''
2024-08-29 14:55:07,956 - [WARNING] No json file generated.
2024-08-29 14:55:08,505 - [WARNING] No json file generated.
2024-08-29 14:55:09,106 - [ERROR] Fail in submit_question. Fail when solving question: [Errno 2] No such file or directory: ''
2024-08-29 14:57:59,488 - [WARNING] No json file generated.
2024-08-29 14:58:00,027 - [WARNING] No json file generated.
2024-08-29 14:58:00,561 - [ERROR] Fail in submit_question. Fail when solving question: [Errno 2] No such file or directory: ''
2024-08-29 14:58:32,965 - [WARNING] No json file generated.
2024-08-29 14:58:33,709 - [WARNING] No json file generated.
2024-08-29 14:58:34,420 - [ERROR] Fail in submit_question. Fail when solving question: [Errno 2] No such file or directory: ''
2024-08-29 15:18:00,559 - [WARNING] No json file generated.
2024-08-29 15:18:01,104 - [WARNING] No json file generated.
2024-08-29 15:18:01,654 - [ERROR] Fail in submit_question. Fail when solving question: [Errno 2] No such file or directory: ''
2024-08-29 15:21:18,047 - [WARNING] No json file generated.
2024-08-29 15:21:18,638 - [WARNING] No json file generated.
2024-08-29 15:21:19,244 - [ERROR] Fail in submit_question. Fail when solving question: [Errno 2] No such file or directory: ''
2024-08-29 15:29:59,554 - [WARNING] No json file generated.
2024-08-29 15:32:27,387 - [WARNING] No json file generated.
2024-08-29 15:55:07,983 - [ERROR] Fail in submit_answer. ('Connection aborted.', ConnectionResetError(10054, '远程主机强迫关闭了一个现有的连接。', None, 10054, None))
2024-08-29 16:03:53,460 - [ERROR] Fail in submit_answer. ('Connection aborted.', ConnectionAbortedError(10053, '你的主机中的软件中止了一个已建立的连接。', None, 10053, None))
2024-08-29 16:05:46,690 - [ERROR] Fail in submit_checking. ('Connection aborted.', ConnectionAbortedError(10053, '你的主机中的软件中止了一个已建立的连接。', None, 10053, None))
2024-08-29 18:16:19,481 - [ERROR] Fail in submit_checking. ('Connection aborted.', ConnectionResetError(10054, '远程主机强迫关闭了一个现有的连接。', None, 10054, None))
2024-08-29 18:18:16,027 - [ERROR] Fail in submit_answer. ('Connection aborted.', ConnectionResetError(10054, '远程主机强迫关闭了一个现有的连接。', None, 10054, None))
2024-08-29 18:25:04,567 - [WARNING] No json file generated.
2024-08-29 18:25:06,238 - [WARNING] No json file generated.
2024-08-29 18:25:09,350 - [ERROR] Fail in submit_question. Fail when solving question: [Errno 2] No such file or directory: ''
2024-08-29 19:02:10,678 - [WARNING] No json file generated.
2024-08-29 19:02:30,269 - [WARNING] No json file generated.
2024-08-29 19:02:49,738 - [ERROR] Fail in submit_question. Fail when solving question: Request timed out.
2024-08-30 00:07:47,514 - [ERROR] Fail in submit_question. cannot unpack non-iterable NoneType object
2024-08-30 00:13:13,406 - [ERROR] Fail in submit_amendment. cannot unpack non-iterable NoneType object
2024-08-30 00:16:02,292 - [ERROR] Fail in submit_amendment. cannot unpack non-iterable NoneType object
2024-08-30 00:18:05,552 - [ERROR] Fail in submit_amendments. cannot unpack non-iterable NoneType object
2024-08-30 11:12:10,887 - [ERROR] Fail in submit_amendments. string indices must be integers, not 'str'
2024-08-30 11:21:16,281 - [ERROR] Fail in submit_amendments. string indices must be integers, not 'str'
2024-08-30 11:24:58,285 - [ERROR] Fail in submit_amendments. string indices must be integers, not 'str'
2024-08-30 11:35:00,377 - [WARNING] No json file generated.
2024-08-30 11:35:21,516 - [WARNING] No json file generated.
2024-08-30 11:35:42,956 - [ERROR] Fail in submit_amendments. Fail when solving question: Request timed out.
2024-08-30 11:37:32,874 - [ERROR] Fail in submit_amendments. string indices must be integers, not 'str'
2024-08-30 16:37:59,387 - [ERROR] Fail in submit_question. ('Connection aborted.', ConnectionResetError(10054, '远程主机强迫关闭了一个现有的连接。', None, 10054, None))
2024-08-30 16:51:12,038 - [WARNING] No json file generated.
2024-08-30 16:51:31,451 - [WARNING] No json file generated.
2024-08-30 16:51:50,830 - [ERROR] Fail in submit_question. Fail when solving question: Request timed out.
2024-08-30 17:09:54,767 - [WARNING] No json file generated.
2024-08-30 17:10:14,092 - [WARNING] No json file generated.
2024-08-30 17:10:33,673 - [ERROR] Fail in submit_question. Fail when solving question: Request timed out.
2024-08-30 17:38:58,411 - [ERROR] Fail in submit_question. 0
2024-08-30 19:39:21,485 - [ERROR] Fail in submit_checking. object of type 'NoneType' has no len()
2024-08-30 20:01:18,351 - [WARNING] No json file generated.
2024-08-30 20:01:22,712 - [WARNING] No json file generated.
2024-08-30 20:01:26,935 - [ERROR] Fail in submit_amendments. Fail when solving question: Connection error.
2024-08-30 22:15:28,337 - [WARNING] No json file generated.
2024-08-30 22:15:47,849 - [WARNING] No json file generated.
2024-08-30 22:16:07,409 - [ERROR] Fail in submit_question. Fail when solving question: Request timed out.
